<?xml version="1.0" encoding="UTF-8"?>
<!-- Generated by org.testng.reporters.JUnitXMLReporter -->
<testsuite ignored="0" hostname="Annapurna" failures="2" tests="4" name="Test" time="0.07" errors="0" timestamp="2024-07-22T10:47:02 IST">
  <testcase classname="nopcommerce.Test1" name="testcase1" time="0.007"/>
  <testcase classname="nopcommerce.Test1" name="testcase2" time="0.008">
    <failure type="java.lang.AssertionError" message="expected [true] but found [false]">
      <![CDATA[java.lang.AssertionError: expected [true] but found [false]
at nopcommerce.Test1.testcase2(Test1.java:16)
at java.base/java.util.ArrayList.forEach(ArrayList.java:1511)
... Removed 31 stack frames]]>
    </failure>
  </testcase> <!-- testcase2 -->
  <testcase classname="nopcommerce.Test2" name="testcase3" time="0.002"/>
  <testcase classname="nopcommerce.Test2" name="testcase4" time="0.001">
    <failure type="java.lang.AssertionError" message="expected [true] but found [false]">
      <![CDATA[java.lang.AssertionError: expected [true] but found [false]
at nopcommerce.Test2.testcase4(Test2.java:16)
at java.base/java.util.ArrayList.forEach(ArrayList.java:1511)
... Removed 31 stack frames]]>
    </failure>
  </testcase> <!-- testcase4 -->
</testsuite> <!-- Test -->
